<?xml version="1.0" encoding="UTF-8"?>
<testsuite xmlns:xsi="http://www.w3.org/2001/XMLSchema-instance" xsi:noNamespaceSchemaLocation="https://maven.apache.org/surefire/maven-surefire-plugin/xsd/surefire-test-report-3.0.xsd" version="3.0" name="com.rollerspeed.rollerspeed.RollerspeedApplicationTests" time="2.972" tests="1" errors="0" skipped="0" failures="0">
  <properties>
[...]
</properties>
  <testcase name="contextLoads" classname="com.rollerspeed.rollerspeed.RollerspeedApplicationTests" time="0.571">
    <system-out><![CDATA[01:02:36.403 [main] INFO org.springframework.test.context.support.AnnotationConfigContextLoaderUtils -- Could not detect default configuration classes for test class [com.rollerspeed.rollerspeed.RollerspeedApplicationTests]: RollerspeedApplicationTests does not declare any static, non-private, non-final, nested classes annotated with @Configuration.
01:02:36.474 [main] INFO org.springframework.boot.test.context.SpringBootTestContextBootstrapper -- Found @SpringBootConfiguration com.rollerspeed.rollerspeed.RollerspeedApplication for test class com.rollerspeed.rollerspeed.RollerspeedApplicationTests
01:02:36.594 [main] INFO org.springframework.boot.devtools.restart.RestartApplicationListener -- Restart disabled due to context in which it is running

  .   ____          _            __ _ _
 /\\ / ___'_ __ _ _(_)_ __  __ _ \ \ \ \
( ( )\___ | '_ | '_| | '_ \/ _` | \ \ \ \
 \\/  ___)| |_)| | | | | || (_| |  ) ) ) )
  '  |____| .__|_| |_|_| |_\__, | / / / /
 =========|_|==============|___/=/_/_/_/

 :: Spring Boot ::                (v3.3.8)

2025-02-25T01:02:36.818Z  INFO 15375 --- [rollerspeed-local] [           main] c.r.r.RollerspeedApplicationTests        : Starting RollerspeedApplicationTests using Java 21 with PID 15375 (started by darkdev in /home/darkdev/Documents/work-space/repos/pos-grado/mvc/RollerSpeeds/rollerspeed)
2025-02-25T01:02:36.819Z  INFO 15375 --- [rollerspeed-local] [           main] c.r.r.RollerspeedApplicationTests        : The following 1 profile is active: "local"
2025-02-25T01:02:37.208Z  INFO 15375 --- [rollerspeed-local] [           main] .s.d.r.c.RepositoryConfigurationDelegate : Bootstrapping Spring Data JPA repositories in DEFAULT mode.
2025-02-25T01:02:37.221Z  INFO 15375 --- [rollerspeed-local] [           main] .s.d.r.c.RepositoryConfigurationDelegate : Finished Spring Data repository scanning in 9 ms. Found 0 JPA repository interfaces.
2025-02-25T01:02:37.487Z  INFO 15375 --- [rollerspeed-local] [           main] com.zaxxer.hikari.HikariDataSource       : HikariPool-1 - Starting...
2025-02-25T01:02:37.606Z  INFO 15375 --- [rollerspeed-local] [           main] com.zaxxer.hikari.pool.HikariPool        : HikariPool-1 - Added connection org.postgresql.jdbc.PgConnection@b791a81
2025-02-25T01:02:37.607Z  INFO 15375 --- [rollerspeed-local] [           main] com.zaxxer.hikari.HikariDataSource       : HikariPool-1 - Start completed.
2025-02-25T01:02:37.637Z  INFO 15375 --- [rollerspeed-local] [           main] o.hibernate.jpa.internal.util.LogHelper  : HHH000204: Processing PersistenceUnitInfo [name: default]
2025-02-25T01:02:37.671Z  INFO 15375 --- [rollerspeed-local] [           main] org.hibernate.Version                    : HHH000412: Hibernate ORM core version 6.5.3.Final
2025-02-25T01:02:37.685Z  INFO 15375 --- [rollerspeed-local] [           main] o.h.c.internal.RegionFactoryInitiator    : HHH000026: Second-level cache disabled
2025-02-25T01:02:37.824Z  INFO 15375 --- [rollerspeed-local] [           main] o.s.o.j.p.SpringPersistenceUnitInfo      : No LoadTimeWeaver setup: ignoring JPA class transformer
2025-02-25T01:02:38.113Z  INFO 15375 --- [rollerspeed-local] [           main] o.h.e.t.j.p.i.JtaPlatformInitiator       : HHH000489: No JTA platform available (set 'hibernate.transaction.jta.platform' to enable JTA platform integration)
2025-02-25T01:02:38.118Z  INFO 15375 --- [rollerspeed-local] [           main] j.LocalContainerEntityManagerFactoryBean : Initialized JPA EntityManagerFactory for persistence unit 'default'
2025-02-25T01:02:38.267Z  WARN 15375 --- [rollerspeed-local] [           main] JpaBaseConfiguration$JpaWebConfiguration : spring.jpa.open-in-view is enabled by default. Therefore, database queries may be performed during view rendering. Explicitly configure spring.jpa.open-in-view to disable this warning
2025-02-25T01:02:38.290Z  INFO 15375 --- [rollerspeed-local] [           main] o.s.b.a.w.s.WelcomePageHandlerMapping    : Adding welcome page template: index
2025-02-25T01:02:38.673Z  INFO 15375 --- [rollerspeed-local] [           main] c.r.r.RollerspeedApplicationTests        : Started RollerspeedApplicationTests in 2.094 seconds (process running for 2.69)
]]></system-out>
    <system-err><![CDATA[WARNING: A Java agent has been loaded dynamically (/home/darkdev/.m2/repository/net/bytebuddy/byte-buddy-agent/1.14.19/byte-buddy-agent-1.14.19.jar)
WARNING: If a serviceability tool is in use, please run with -XX:+EnableDynamicAgentLoading to hide this warning
WARNING: If a serviceability tool is not in use, please run with -Djdk.instrument.traceUsage for more information
WARNING: Dynamic loading of agents will be disallowed by default in a future release
]]></system-err>
  </testcase>
</testsuite>